<?xml version="1.0" encoding="UTF-8"?>
<testng-results skipped="0" failed="0" ignored="0" total="1" passed="1">
  <reporter-output>
  </reporter-output>
  <suite name="Suite" duration-ms="32002" started-at="2021-04-15T13:27:42 IST" finished-at="2021-04-15T13:28:14 IST">
    <groups>
    </groups>
    <test name="ChromeTest" duration-ms="32002" started-at="2021-04-15T13:27:42 IST" finished-at="2021-04-15T13:28:14 IST">
      <class name="com.qspiders.eshopping.testscripts.TC001">
        <test-method status="PASS" signature="openApp(java.lang.String,java.lang.String,java.lang.String,java.lang.String)[pri:0, instance:com.qspiders.eshopping.testscripts.TC001@3234e239]" name="openApp" is-config="true" duration-ms="12526" started-at="2021-04-15T13:27:42 IST" finished-at="2021-04-15T13:27:54 IST">
          <params>
            <param index="0">
              <value>
                <![CDATA[chrome]]>
              </value>
            </param>
            <param index="1">
              <value>
                <![CDATA[http://automationpractice.com/]]>
              </value>
            </param>
            <param index="2">
              <value>
                <![CDATA[20]]>
              </value>
            </param>
            <param index="3">
              <value>
                <![CDATA[20]]>
              </value>
            </param>
          </params>
          <reporter-output>
          </reporter-output>
        </test-method> <!-- openApp -->
        <test-method status="PASS" signature="login(java.lang.String,java.lang.String)[pri:0, instance:com.qspiders.eshopping.testscripts.TC001@3234e239]" name="login" is-config="true" duration-ms="6487" started-at="2021-04-15T13:27:54 IST" finished-at="2021-04-15T13:28:01 IST">
          <params>
            <param index="0">
              <value>
                <![CDATA[nameishemanth@gmail.com]]>
              </value>
            </param>
            <param index="1">
              <value>
                <![CDATA[Testing@123]]>
              </value>
            </param>
          </params>
          <reporter-output>
          </reporter-output>
        </test-method> <!-- login -->
        <test-method status="PASS" signature="testProductInODP()[pri:0, instance:com.qspiders.eshopping.testscripts.TC001@3234e239]" name="testProductInODP" duration-ms="10228" started-at="2021-04-15T13:28:01 IST" description="Add the Product to ODP and verify it is displayed in ODP" finished-at="2021-04-15T13:28:11 IST">
          <reporter-output>
          </reporter-output>
        </test-method> <!-- testProductInODP -->
        <test-method status="PASS" signature="logout(org.testng.ITestResult)[pri:0, instance:com.qspiders.eshopping.testscripts.TC001@3234e239]" name="logout" is-config="true" duration-ms="1981" started-at="2021-04-15T13:28:11 IST" finished-at="2021-04-15T13:28:13 IST">
          <params>
            <param index="0">
              <value>
                <![CDATA[[TestResult name=testProductInODP status=SUCCESS method=TC001.testProductInODP()[pri:0, instance:com.qspiders.eshopping.testscripts.TC001@3234e239] output={null}]]]>
              </value>
            </param>
          </params>
          <reporter-output>
          </reporter-output>
        </test-method> <!-- logout -->
        <test-method status="PASS" signature="closeApp()[pri:0, instance:com.qspiders.eshopping.testscripts.TC001@3234e239]" name="closeApp" is-config="true" duration-ms="747" started-at="2021-04-15T13:28:13 IST" finished-at="2021-04-15T13:28:14 IST">
          <reporter-output>
          </reporter-output>
        </test-method> <!-- closeApp -->
      </class> <!-- com.qspiders.eshopping.testscripts.TC001 -->
    </test> <!-- ChromeTest -->
  </suite> <!-- Suite -->
</testng-results>
