<?xml version="1.0" encoding="UTF-8"?>
<!-- Generated by org.testng.reporters.JUnitXMLReporter -->
<testsuite hostname="DESKTOP-D28T060" ignored="0" name="ChromeTest" tests="5" failures="0" timestamp="2021-04-16T12:24:39 IST" time="90.929" errors="0">
  <testcase name="testProductInODP" time="10.921" classname="com.qspiders.eshopping.testscripts.TC004"/>
  <testcase name="testProductInODP" time="7.062" classname="com.qspiders.eshopping.testscripts.TC004"/>
  <testcase name="testProductInODP" time="6.504" classname="com.qspiders.eshopping.testscripts.TC004"/>
  <testcase name="testProductInODP" time="7.097" classname="com.qspiders.eshopping.testscripts.TC004"/>
  <testcase name="testProductInODP" time="8.507" classname="com.qspiders.eshopping.testscripts.TC004"/>
</testsuite> <!-- ChromeTest -->
